<?xml version="1.0" encoding="UTF-8"?>
<testng-results ignored="0" total="1" passed="1" failed="0" skipped="0">
  <reporter-output>
  </reporter-output>
  <suite started-at="2022-06-05T06:27:10Z" name="Default suite" finished-at="2022-06-05T06:27:14Z" duration-ms="4027">
    <groups>
    </groups>
    <test started-at="2022-06-05T06:27:10Z" name="Default test" finished-at="2022-06-05T06:27:14Z" duration-ms="4027">
      <class name="apiChaining.EndtoEndapi">
        <test-method signature="test1()[pri:0, instance:apiChaining.EndtoEndapi@5117dd67]" started-at="2022-06-05T06:27:10Z" name="test1" finished-at="2022-06-05T06:27:14Z" duration-ms="4012" status="PASS">
          <reporter-output>
          </reporter-output>
        </test-method> <!-- test1 -->
      </class> <!-- apiChaining.EndtoEndapi -->
    </test> <!-- Default test -->
  </suite> <!-- Default suite -->
</testng-results>
